Determining if the pthread_create exist failed with the following output:
Change Dir: /home/sbchoi/org/djinn-1.0/tonic-suite/img/flandmark-master/CMakeFiles/CMakeTmp

Run Build Command:"/usr/bin/make" "cmTC_4696a/fast"
/usr/bin/make -f CMakeFiles/cmTC_4696a.dir/build.make CMakeFiles/cmTC_4696a.dir/build
make[1]: Entering directory `/home/sbchoi/org/djinn-1.0/tonic-suite/img/flandmark-master/CMakeFiles/CMakeTmp'
Building C object CMakeFiles/cmTC_4696a.dir/CheckSymbolExists.c.o
/usr/bin/cc    -fPIC    -o CMakeFiles/cmTC_4696a.dir/CheckSymbolExists.c.o   -c /home/sbchoi/org/djinn-1.0/tonic-suite/img/flandmark-master/CMakeFiles/CMakeTmp/CheckSymbolExists.c
Linking C executable cmTC_4696a
/usr/local/bin/cmake -E cmake_link_script CMakeFiles/cmTC_4696a.dir/link.txt --verbose=1
/usr/bin/cc  -fPIC     CMakeFiles/cmTC_4696a.dir/CheckSymbolExists.c.o  -o cmTC_4696a -rdynamic 
CMakeFiles/cmTC_4696a.dir/CheckSymbolExists.c.o: In function `main':
CheckSymbolExists.c:(.text+0x1b): undefined reference to `pthread_create'
collect2: error: ld returned 1 exit status
make[1]: Leaving directory `/home/sbchoi/org/djinn-1.0/tonic-suite/img/flandmark-master/CMakeFiles/CMakeTmp'
make[1]: *** [cmTC_4696a] Error 1
make: *** [cmTC_4696a/fast] Error 2

File /home/sbchoi/org/djinn-1.0/tonic-suite/img/flandmark-master/CMakeFiles/CMakeTmp/CheckSymbolExists.c:
/* */
#include <pthread.h>

int main(int argc, char** argv)
{
  (void)argv;
#ifndef pthread_create
  return ((int*)(&pthread_create))[argc];
#else
  (void)argc;
  return 0;
#endif
}

Determining if the function pthread_create exists in the pthreads failed with the following output:
Change Dir: /home/sbchoi/org/djinn-1.0/tonic-suite/img/flandmark-master/CMakeFiles/CMakeTmp

Run Build Command:"/usr/bin/make" "cmTC_e98bd/fast"
/usr/bin/make -f CMakeFiles/cmTC_e98bd.dir/build.make CMakeFiles/cmTC_e98bd.dir/build
make[1]: Entering directory `/home/sbchoi/org/djinn-1.0/tonic-suite/img/flandmark-master/CMakeFiles/CMakeTmp'
Building C object CMakeFiles/cmTC_e98bd.dir/CheckFunctionExists.c.o
/usr/bin/cc    -fPIC -DCHECK_FUNCTION_EXISTS=pthread_create   -o CMakeFiles/cmTC_e98bd.dir/CheckFunctionExists.c.o   -c /usr/local/share/cmake-3.4/Modules/CheckFunctionExists.c
Linking C executable cmTC_e98bd
/usr/local/bin/cmake -E cmake_link_script CMakeFiles/cmTC_e98bd.dir/link.txt --verbose=1
/usr/bin/cc  -fPIC -DCHECK_FUNCTION_EXISTS=pthread_create    CMakeFiles/cmTC_e98bd.dir/CheckFunctionExists.c.o  -o cmTC_e98bd -rdynamic -lpthreads 
/usr/bin/ld: cannot find -lpthreads
collect2: error: ld returned 1 exit status
make[1]: Leaving directory `/home/sbchoi/org/djinn-1.0/tonic-suite/img/flandmark-master/CMakeFiles/CMakeTmp'
make[1]: *** [cmTC_e98bd] Error 1
make: *** [cmTC_e98bd/fast] Error 2


